Agricultural Production Commercial Crops Cotton
2
Cotton year: 2017 value: 0
Cotton year: 2018 value: 0
Cotton year: 2019 value: 16.4286
Cotton year: 2020 value: 18.499
Cotton year: 2021 value: 22.6318
Cotton year: 2022 value: 25.8841
Cotton year: 2023 value: 22.2762
Cotton year: 2024 value: 24.021803
Cotton year: 2025 value: 33
Cotton year: 2026 value: 35.2
Cotton year: 2027 value: 34.22
---------------------------------end -------------------------
Agricultural Production Commercial Crops Jute
2
Jute year: 2017 value: 0
Jute year: 2018 value: 0
Jute year: 2019 value: 25.8279
Jute year: 2020 value: 28.469
Jute year: 2021 value: 32.948899999999995
Jute year: 2022 value: 36.1042
Jute year: 2023 value: 31.9106
Jute year: 2024 value: 35.252176999999996
Jute year: 2025 value: 43.009412
Jute year: 2026 value: 45.93564000000001
Jute year: 2027 value: 44.56
---------------------------------end -------------------------
Agricultural Production Commercial Crops Mesta
2
Mesta year: 2017 value: 0
Mesta year: 2018 value: 0
Mesta year: 2019 value: 26.7009
Mesta year: 2020 value: 29.339100000000002
Mesta year: 2021 value: 33.904799999999994
Mesta year: 2022 value: 37.0946
Mesta year: 2023 value: 32.6415
Mesta year: 2024 value: 35.83920499999999
Mesta year: 2025 value: 43.620163999999995
Mesta year: 2026 value: 46.598620000000004
Mesta year: 2027 value: 45.150000000000006
---------------------------------end -------------------------
Agricultural Production Commercial Crops Jute and Mesta
2
Jute and Mesta year: 2017 value: 0
Jute and Mesta year: 2018 value: 0
Jute and Mesta year: 2019 value: 36.9732
Jute and Mesta year: 2020 value: 40.178700000000006
Jute and Mesta year: 2021 value: 45.17779999999999
Jute and Mesta year: 2022 value: 48.305099999999996
Jute and Mesta year: 2023 value: 43.0068
Jute and Mesta year: 2024 value: 47.656606999999994
Jute and Mesta year: 2025 value: 54.240328
Jute and Mesta year: 2026 value: 57.997240000000005
Jute and Mesta year: 2027 value: 56.080000000000005
---------------------------------end -------------------------
Agricultural Production Commercial Crops Sugarcane
2
Sugarcane year: 2017 value: 0
Sugarcane year: 2018 value: 0
Sugarcane year: 2019 value: 274.0616
Sugarcane year: 2020 value: 321.3505
Sugarcane year: 2021 value: 400.6975
Sugarcane year: 2022 value: 396.493
Sugarcane year: 2023 value: 328.0361
Sugarcane year: 2024 value: 339.95822400000003
Sugarcane year: 2025 value: 396.62188319999996
Sugarcane year: 2026 value: 419.033816
Sugarcane year: 2027 value: 397.28
---------------------------------end -------------------------
